# callgrind format
version: 1
creator: callgrind-3.22.0
pid: 37574
cmd:  target/release/deps/bench-16caf08bffb047d9
part: 433


desc: I1 cache: 
desc: D1 cache: 
desc: LL cache: 

desc: Timerange: Basic block 23783689 - 23783694
desc: Trigger: Program termination

positions: line
events: Ir
summary: 18446744073709551395


ob=(1) /home/runner/work/s2n-quic/s2n-quic/target/release/deps/bench-16caf08bffb047d9
fl=(101) /home/runner/work/s2n-quic/s2n-quic/dc/s2n-quic-dc-benches/src/datagram/recv.rs
fn=(714) bench::main
fi=(3) /home/runner/.cargo/registry/src/index.crates.io-1949cf8c6b5b557f/crabgrind-0.2.6/src/requests/mod.rs
cfi=(1) /home/runner/.cargo/registry/src/index.crates.io-1949cf8c6b5b557f/crabgrind-0.2.6/valgrind/native.c
cfn=(0) valgrind_client_request_expr
calls=1 15 
17 25
fi=(3)
17 8
fe=(101)

fl=(1)
fn=(0)
15 8
+2 12
+13 5

totals: 33
